{
  "RSpec": {
    "coverage": {
      "/Users/Rob/Coding/Makers Nov 16/Weekly Challenges/RAND-MakersBNB/app/rand_bnb.rb": [
        1,
        null,
        1,
        1,
        1,
        null,
        1,
        1,
        1,
        1,
        1,
        null,
        1,
        null,
        1,
        1,
        1,
        1,
        1,
        null,
        1,
        null,
        1,
        null,
        1,
        null,
        1,
        1,
        1,
        0,
        null,
        1,
        null,
        null,
        null,
        1,
        114,
        114,
        114,
        114,
        114,
        114,
        null,
        114,
        43,
        null,
        null,
        0,
        null,
        114,
        null,
        null,
        null,
        1,
        null,
        null
      ],
      "/Users/Rob/Coding/Makers Nov 16/Weekly Challenges/RAND-MakersBNB/app/data_mapper_setup.rb": [
        1,
        1,
        1,
        1,
        1,
        null,
        1,
        1,
        1
      ],
      "/Users/Rob/Coding/Makers Nov 16/Weekly Challenges/RAND-MakersBNB/app/models/user.rb": [
        1,
        1,
        1,
        null,
        1,
        null,
        1,
        null,
        1,
        1,
        null,
        1,
        1,
        1,
        1,
        null,
        1,
        null,
        null,
        1,
        51,
        51,
        null,
        null,
        1,
        13,
        13,
        12,
        null,
        null,
        null,
        null,
        null,
        null
      ],
      "/Users/Rob/Coding/Makers Nov 16/Weekly Challenges/RAND-MakersBNB/app/models/space.rb": [
        1,
        1,
        1,
        null,
        1,
        null,
        1,
        null,
        1,
        1,
        null,
        1,
        1,
        1,
        1,
        1,
        1,
        null,
        null
      ],
      "/Users/Rob/Coding/Makers Nov 16/Weekly Challenges/RAND-MakersBNB/app/models/booking.rb": [
        1,
        1,
        1,
        null,
        1,
        null,
        1,
        null,
        1,
        1,
        null,
        1,
        1,
        1,
        null,
        null
      ],
      "/Users/Rob/Coding/Makers Nov 16/Weekly Challenges/RAND-MakersBNB/app/controllers/session_controller.rb": [
        1,
        null,
        1,
        0,
        null,
        null,
        1,
        34,
        null,
        null,
        1,
        13,
        13,
        12,
        12,
        12,
        null,
        1,
        1,
        null,
        null,
        null,
        1,
        20,
        20,
        20,
        null,
        null,
        null
      ],
      "/Users/Rob/Coding/Makers Nov 16/Weekly Challenges/RAND-MakersBNB/app/controllers/user_controller.rb": [
        1,
        null,
        1,
        53,
        null,
        null,
        1,
        51,
        51,
        51,
        51,
        51,
        50,
        50,
        50,
        null,
        1,
        null,
        null,
        null,
        null
      ],
      "/Users/Rob/Coding/Makers Nov 16/Weekly Challenges/RAND-MakersBNB/app/controllers/request_controller.rb": [
        1,
        null,
        1,
        15,
        15,
        15,
        null,
        null,
        null,
        15,
        null,
        null,
        1,
        19,
        19,
        19,
        20,
        20,
        null,
        null,
        19,
        19,
        null,
        null,
        null
      ],
      "/Users/Rob/Coding/Makers Nov 16/Weekly Challenges/RAND-MakersBNB/app/controllers/booking_controller.rb": [
        1,
        null,
        1,
        2,
        2,
        2,
        2,
        2,
        null,
        null,
        2,
        2,
        null,
        null,
        1,
        3,
        3,
        3,
        null,
        null,
        1,
        3,
        3,
        3,
        null,
        null,
        null
      ],
      "/Users/Rob/Coding/Makers Nov 16/Weekly Challenges/RAND-MakersBNB/app/controllers/space_controller.rb": [
        1,
        null,
        1,
        42,
        null,
        null,
        1,
        35,
        null,
        35,
        null,
        null,
        null,
        null,
        null,
        null,
        null,
        35,
        35,
        null,
        35,
        2,
        2,
        null,
        1,
        1,
        null,
        32,
        29,
        null,
        3,
        3,
        null,
        null,
        null,
        null,
        null,
        1,
        33,
        33,
        33,
        null,
        null,
        1,
        2,
        2,
        null,
        null,
        1,
        2,
        2,
        null,
        null,
        1,
        1,
        null,
        1,
        1,
        null,
        1,
        0,
        0,
        null,
        0,
        0,
        null,
        1,
        1,
        null,
        null,
        null,
        null,
        null,
        null,
        1,
        null,
        0,
        0,
        null,
        null,
        null,
        null,
        1,
        5,
        5,
        null,
        null,
        null
      ],
      "/Users/Rob/Coding/Makers Nov 16/Weekly Challenges/RAND-MakersBNB/app/rand_bnb_helpers.rb": [
        1,
        null,
        1,
        889,
        null,
        null,
        1,
        357,
        null,
        null,
        1,
        114,
        114,
        28,
        15,
        null,
        null,
        null,
        null,
        null
      ],
      "/Users/Rob/Coding/Makers Nov 16/Weekly Challenges/RAND-MakersBNB/spec/helpers/session.rb": [
        1,
        null,
        1,
        40,
        40,
        40,
        40,
        40,
        null,
        null,
        1,
        11,
        11,
        11,
        11,
        11,
        null,
        null,
        1,
        11,
        11,
        11,
        11,
        null,
        null,
        1,
        1,
        1,
        1,
        1,
        null,
        null,
        1,
        27,
        27,
        27,
        27,
        27,
        27,
        27,
        27,
        null,
        null,
        1,
        1,
        1,
        1,
        1,
        1,
        1,
        1,
        1,
        null,
        null,
        1,
        1,
        1,
        1,
        1,
        1,
        1,
        1,
        null,
        null,
        null,
        1,
        1,
        1,
        1,
        1,
        1,
        1,
        null,
        null,
        null,
        1,
        1,
        1,
        1,
        1,
        1,
        1,
        null,
        null,
        1,
        1,
        1,
        1,
        1,
        1,
        1,
        null,
        null,
        null,
        1,
        1,
        1,
        1,
        1,
        1,
        1,
        null,
        null,
        null,
        1,
        1,
        1,
        1,
        1,
        1,
        1,
        null,
        null,
        1,
        1,
        1,
        1,
        1,
        1,
        1,
        null,
        null,
        1,
        1,
        1,
        1,
        1,
        1,
        1,
        1,
        null,
        null,
        null,
        1,
        13,
        13,
        null,
        null,
        null,
        1,
        1,
        1,
        null,
        null,
        null,
        1,
        3,
        3,
        null,
        null,
        null,
        1,
        3,
        3,
        null,
        null,
        null,
        1,
        3,
        null,
        null,
        null
      ],
      "/Users/Rob/Coding/Makers Nov 16/Weekly Challenges/RAND-MakersBNB/spec/features/add_space_form_spec.rb": [
        1,
        null,
        1,
        1,
        1,
        1,
        1,
        1,
        null,
        null,
        1,
        1,
        2,
        1,
        null,
        null,
        1,
        1,
        2,
        1,
        1,
        null,
        null,
        1,
        1,
        2,
        1,
        1,
        null,
        null,
        1,
        1,
        2,
        1,
        1,
        null,
        null,
        1,
        1,
        2,
        1,
        1,
        null,
        null,
        1,
        1,
        2,
        1,
        1,
        null,
        null,
        1,
        1,
        2,
        1,
        null,
        null,
        null
      ],
      "/Users/Rob/Coding/Makers Nov 16/Weekly Challenges/RAND-MakersBNB/spec/features/bookings_spec.rb": [
        1,
        null,
        1,
        null,
        1,
        1,
        1,
        1,
        1,
        1,
        1,
        1,
        1,
        1,
        1,
        1,
        null,
        null,
        1,
        1,
        1,
        1,
        1,
        1,
        1,
        1,
        1,
        1,
        1,
        1,
        null,
        null,
        1,
        1,
        1,
        1,
        1,
        1,
        1,
        1,
        1,
        1,
        1,
        1,
        null,
        null,
        1,
        1,
        1,
        1,
        1,
        1,
        1,
        1,
        1,
        1,
        1,
        1,
        null,
        null,
        1,
        1,
        1,
        1,
        1,
        1,
        1,
        1,
        1,
        2,
        null,
        null,
        null
      ],
      "/Users/Rob/Coding/Makers Nov 16/Weekly Challenges/RAND-MakersBNB/spec/features/layout_spec.rb": [
        1,
        null,
        1,
        1,
        1,
        1,
        1,
        1,
        null,
        null
      ],
      "/Users/Rob/Coding/Makers Nov 16/Weekly Challenges/RAND-MakersBNB/spec/features/requests_spec.rb": [
        1,
        null,
        1,
        1,
        1,
        1,
        1,
        1,
        1,
        null,
        null,
        1,
        1,
        1,
        1,
        1,
        1,
        1,
        1,
        1,
        null,
        null,
        1,
        1,
        1,
        1,
        1,
        1,
        1,
        1,
        1,
        null,
        null,
        1,
        1,
        1,
        1,
        1,
        1,
        1,
        1,
        1,
        null,
        null,
        1,
        1,
        1,
        1,
        1,
        1,
        1,
        1,
        1,
        1,
        1,
        1,
        1,
        null,
        null,
        null,
        null,
        null,
        1,
        null,
        1,
        1,
        1,
        1,
        2,
        null,
        null,
        1,
        1,
        1,
        1,
        1,
        1,
        1,
        null,
        null,
        1,
        1,
        1,
        1,
        1,
        1,
        null,
        null
      ],
      "/Users/Rob/Coding/Makers Nov 16/Weekly Challenges/RAND-MakersBNB/spec/features/sign_in_spec.rb": [
        1,
        null,
        1,
        null,
        1,
        1,
        2,
        1,
        1,
        null,
        null,
        1,
        1,
        1,
        1,
        1,
        null,
        1,
        1,
        1,
        null,
        null,
        null
      ],
      "/Users/Rob/Coding/Makers Nov 16/Weekly Challenges/RAND-MakersBNB/spec/features/sign_up_spec.rb": [
        1,
        null,
        1,
        1,
        1,
        1,
        null,
        null,
        1,
        2,
        1,
        1,
        null,
        null,
        1,
        1,
        2,
        null,
        null
      ],
      "/Users/Rob/Coding/Makers Nov 16/Weekly Challenges/RAND-MakersBNB/spec/features/spaces_spec.rb": [
        1,
        null,
        1,
        1,
        1,
        1,
        1,
        null,
        null,
        1,
        1,
        1,
        1,
        1,
        1,
        1,
        null,
        null,
        1,
        1,
        1,
        1,
        1,
        1,
        1,
        1,
        null,
        null,
        1,
        1,
        1,
        1,
        null,
        null,
        1,
        1,
        1,
        1,
        null,
        null,
        1,
        1,
        1,
        1,
        null,
        null,
        1,
        1,
        1,
        1,
        null,
        null,
        1,
        1,
        1,
        1,
        null,
        null,
        1,
        1,
        1,
        1,
        1,
        1,
        null,
        null,
        1,
        1,
        1,
        1,
        1,
        1,
        1,
        null,
        null,
        null,
        1,
        1,
        1,
        1,
        1,
        1,
        1,
        1,
        1,
        null,
        null,
        1,
        1,
        1,
        1,
        1,
        1,
        1,
        null,
        null,
        1,
        1,
        1,
        1,
        1,
        1,
        1,
        1,
        1,
        1,
        1,
        1,
        1,
        null,
        null,
        null
      ],
      "/Users/Rob/Coding/Makers Nov 16/Weekly Challenges/RAND-MakersBNB/spec/features/view_space_info_spec.rb": [
        1,
        null,
        1,
        1,
        1,
        1,
        1,
        1,
        1,
        1,
        1,
        1,
        1,
        null,
        null,
        null
      ]
    },
    "timestamp": 1481889602
  }
}
